{
  "RSpec": {
    "coverage": {
      "/home/diplomatic-pattern-4388/tic-tac-toe-rb-online-web-sp-000/lib/tic_tac_toe.rb": [
        null,
        1,
        12,
        12,
        13,
        13,
        null,
        12,
        3,
        null,
        12,
        6,
        6,
        null,
        null,
        null,
        1,
        0,
        0,
        0,
        0,
        0,
        0,
        null,
        null,
        null,
        null,
        1,
        20,
        20,
        20,
        20,
        20,
        null,
        null,
        null,
        1,
        19,
        null,
        null,
        1,
        18,
        null,
        null,
        null,
        1,
        19,
        null,
        null,
        1,
        21,
        null,
        null,
        1,
        16,
        16,
        16,
        16,
        15,
        15,
        null,
        1,
        null,
        null,
        null,
        null,
        null,
        1,
        null,
        null,
        null,
        null,
        null,
        null,
        null,
        null,
        null,
        1,
        71,
        null,
        null,
        435,
        435,
        435,
        null,
        435,
        435,
        435,
        435,
        26,
        null,
        null,
        45,
        null,
        null,
        1,
        44,
        null,
        179,
        32,
        null,
        null,
        12,
        null,
        null,
        1,
        30,
        9,
        null,
        21,
        14,
        null,
        null,
        7,
        null,
        null,
        1,
        null,
        null,
        17,
        1,
        null,
        16,
        13,
        5,
        null,
        8,
        null,
        null,
        3,
        3,
        null,
        0,
        null,
        null,
        1,
        3,
        2,
        null,
        null,
        null,
        1,
        2,
        2,
        18,
        5,
        null,
        null,
        2,
        null,
        null,
        1,
        1,
        1,
        1,
        null,
        1,
        null,
        null,
        null
      ]
    },
    "timestamp": 1591317119
  }
}
