{
  "RSpec": {
    "coverage": {
      "/home/diplomatic-pattern-4388/tic-tac-toe-rb-online-web-sp-000/lib/tic_tac_toe.rb": [
        null,
        1,
        12,
        12,
        17,
        17,
        null,
        12,
        3,
        null,
        12,
        5,
        5,
        null,
        null,
        null,
        1,
        24,
        24,
        24,
        24,
        24,
        null,
        null,
        null,
        1,
        23,
        null,
        null,
        1,
        22,
        null,
        null,
        null,
        1,
        23,
        null,
        null,
        1,
        25,
        null,
        null,
        1,
        20,
        20,
        20,
        20,
        19,
        19,
        19,
        null,
        1,
        null,
        null,
        null,
        null,
        null,
        1,
        null,
        null,
        null,
        null,
        null,
        null,
        null,
        null,
        null,
        1,
        83,
        null,
        null,
        573,
        573,
        573,
        null,
        573,
        573,
        573,
        573,
        24,
        null,
        null,
        59,
        null,
        null,
        1,
        53,
        null,
        235,
        41,
        null,
        null,
        12,
        null,
        null,
        1,
        34,
        8,
        null,
        26,
        19,
        null,
        null,
        7,
        null,
        null,
        1,
        null,
        null,
        21,
        1,
        null,
        20,
        17,
        5,
        null,
        12,
        null,
        null,
        3,
        3,
        null,
        0,
        null,
        null,
        1,
        3,
        2,
        null,
        null,
        null,
        1,
        21,
        21,
        189,
        31,
        null,
        null,
        21,
        null,
        null,
        1,
        20,
        20,
        14,
        null,
        20,
        null,
        null,
        null
      ]
    },
    "timestamp": 1591321055
  }
}
